[0.122s] DEBUG:colcon:Command line arguments: ['/usr/bin/colcon', 'build', '--symlink-install']
[0.122s] DEBUG:colcon:Parsed command line arguments: Namespace(log_base=None, log_level=None, verb_name='build', build_base='build', install_base='install', merge_install=False, symlink_install=True, test_result_base=None, continue_on_error=False, executor='parallel', parallel_workers=10, event_handlers=None, ignore_user_meta=False, metas=['./colcon.meta'], base_paths=['.'], packages_ignore=None, packages_ignore_regex=None, paths=None, packages_up_to=None, packages_up_to_regex=None, packages_above=None, packages_above_and_dependencies=None, packages_above_depth=None, packages_select_by_dep=None, packages_skip_by_dep=None, packages_skip_up_to=None, packages_select_build_failed=False, packages_skip_build_finished=False, packages_select_test_failures=False, packages_skip_test_passed=False, packages_select=None, packages_skip=None, packages_select_regex=None, packages_skip_regex=None, packages_start=None, packages_end=None, allow_overriding=[], cmake_args=None, cmake_target=None, cmake_target_skip_unavailable=False, cmake_clean_cache=False, cmake_clean_first=False, cmake_force_configure=False, ament_cmake_args=None, catkin_cmake_args=None, catkin_skip_building_tests=False, mixin_files=None, mixin=None, verb_parser=<colcon_mixin.mixin.mixin_argument.MixinArgumentDecorator object at 0xfff2661f52e0>, verb_extension=<colcon_core.verb.build.BuildVerb object at 0xfff2661f4fe0>, main=<bound method BuildVerb.main of <colcon_core.verb.build.BuildVerb object at 0xfff2661f4fe0>>, mixin_verb=('build',))
[0.142s] Level 1:colcon.colcon_core.package_discovery:discover_packages(colcon_meta) check parameters
[0.142s] Level 1:colcon.colcon_core.package_discovery:discover_packages(recursive) check parameters
[0.142s] Level 1:colcon.colcon_core.package_discovery:discover_packages(ignore) check parameters
[0.142s] Level 1:colcon.colcon_core.package_discovery:discover_packages(path) check parameters
[0.142s] Level 1:colcon.colcon_core.package_discovery:discover_packages(colcon_meta) discover
[0.142s] Level 1:colcon.colcon_core.package_discovery:discover_packages(recursive) discover
[0.142s] INFO:colcon.colcon_core.package_discovery:Crawling recursively for packages in '/home/dominicd/dentista_drive_ws'
[0.142s] Level 1:colcon.colcon_core.package_identification:_identify(.) by extensions ['ignore', 'ignore_ament_install']
[0.143s] Level 1:colcon.colcon_core.package_identification:_identify(.) by extension 'ignore'
[0.143s] Level 1:colcon.colcon_core.package_identification:_identify(.) by extension 'ignore_ament_install'
[0.143s] Level 1:colcon.colcon_core.package_identification:_identify(.) by extensions ['colcon_pkg']
[0.143s] Level 1:colcon.colcon_core.package_identification:_identify(.) by extension 'colcon_pkg'
[0.143s] Level 1:colcon.colcon_core.package_identification:_identify(.) by extensions ['colcon_meta']
[0.143s] Level 1:colcon.colcon_core.package_identification:_identify(.) by extension 'colcon_meta'
[0.143s] Level 1:colcon.colcon_core.package_identification:_identify(.) by extensions ['ros']
[0.143s] Level 1:colcon.colcon_core.package_identification:_identify(.) by extension 'ros'
[0.155s] Level 1:colcon.colcon_core.package_identification:_identify(.) by extensions ['cmake', 'python']
[0.155s] Level 1:colcon.colcon_core.package_identification:_identify(.) by extension 'cmake'
[0.155s] Level 1:colcon.colcon_core.package_identification:_identify(.) by extension 'python'
[0.155s] Level 1:colcon.colcon_core.package_identification:_identify(.) by extensions ['python_setup_py']
[0.155s] Level 1:colcon.colcon_core.package_identification:_identify(.) by extension 'python_setup_py'
[0.155s] Level 1:colcon.colcon_core.package_identification:_identify(build) by extensions ['ignore', 'ignore_ament_install']
[0.156s] Level 1:colcon.colcon_core.package_identification:_identify(build) by extension 'ignore'
[0.156s] Level 1:colcon.colcon_core.package_identification:_identify(build) ignored
[0.156s] Level 1:colcon.colcon_core.package_identification:_identify(install) by extensions ['ignore', 'ignore_ament_install']
[0.156s] Level 1:colcon.colcon_core.package_identification:_identify(install) by extension 'ignore'
[0.156s] Level 1:colcon.colcon_core.package_identification:_identify(install) ignored
[0.156s] Level 1:colcon.colcon_core.package_identification:_identify(log) by extensions ['ignore', 'ignore_ament_install']
[0.156s] Level 1:colcon.colcon_core.package_identification:_identify(log) by extension 'ignore'
[0.156s] Level 1:colcon.colcon_core.package_identification:_identify(log) ignored
[0.156s] Level 1:colcon.colcon_core.package_identification:_identify(src) by extensions ['ignore', 'ignore_ament_install']
[0.156s] Level 1:colcon.colcon_core.package_identification:_identify(src) by extension 'ignore'
[0.156s] Level 1:colcon.colcon_core.package_identification:_identify(src) by extension 'ignore_ament_install'
[0.156s] Level 1:colcon.colcon_core.package_identification:_identify(src) by extensions ['colcon_pkg']
[0.156s] Level 1:colcon.colcon_core.package_identification:_identify(src) by extension 'colcon_pkg'
[0.156s] Level 1:colcon.colcon_core.package_identification:_identify(src) by extensions ['colcon_meta']
[0.156s] Level 1:colcon.colcon_core.package_identification:_identify(src) by extension 'colcon_meta'
[0.156s] Level 1:colcon.colcon_core.package_identification:_identify(src) by extensions ['ros']
[0.156s] Level 1:colcon.colcon_core.package_identification:_identify(src) by extension 'ros'
[0.156s] Level 1:colcon.colcon_core.package_identification:_identify(src) by extensions ['cmake', 'python']
[0.156s] Level 1:colcon.colcon_core.package_identification:_identify(src) by extension 'cmake'
[0.156s] Level 1:colcon.colcon_core.package_identification:_identify(src) by extension 'python'
[0.156s] Level 1:colcon.colcon_core.package_identification:_identify(src) by extensions ['python_setup_py']
[0.156s] Level 1:colcon.colcon_core.package_identification:_identify(src) by extension 'python_setup_py'
[0.156s] Level 1:colcon.colcon_core.package_identification:_identify(src/denstista_ROS2_Drive) by extensions ['ignore', 'ignore_ament_install']
[0.156s] Level 1:colcon.colcon_core.package_identification:_identify(src/denstista_ROS2_Drive) by extension 'ignore'
[0.156s] Level 1:colcon.colcon_core.package_identification:_identify(src/denstista_ROS2_Drive) by extension 'ignore_ament_install'
[0.156s] Level 1:colcon.colcon_core.package_identification:_identify(src/denstista_ROS2_Drive) by extensions ['colcon_pkg']
[0.156s] Level 1:colcon.colcon_core.package_identification:_identify(src/denstista_ROS2_Drive) by extension 'colcon_pkg'
[0.156s] Level 1:colcon.colcon_core.package_identification:_identify(src/denstista_ROS2_Drive) by extensions ['colcon_meta']
[0.156s] Level 1:colcon.colcon_core.package_identification:_identify(src/denstista_ROS2_Drive) by extension 'colcon_meta'
[0.156s] Level 1:colcon.colcon_core.package_identification:_identify(src/denstista_ROS2_Drive) by extensions ['ros']
[0.156s] Level 1:colcon.colcon_core.package_identification:_identify(src/denstista_ROS2_Drive) by extension 'ros'
[0.157s] DEBUG:colcon.colcon_core.package_identification:Package 'src/denstista_ROS2_Drive' with type 'ros.ament_python' and name 'den_rob_package'
[0.157s] Level 1:colcon.colcon_core.package_identification:_identify(src/rplidar_ros) by extensions ['ignore', 'ignore_ament_install']
[0.157s] Level 1:colcon.colcon_core.package_identification:_identify(src/rplidar_ros) by extension 'ignore'
[0.157s] Level 1:colcon.colcon_core.package_identification:_identify(src/rplidar_ros) by extension 'ignore_ament_install'
[0.158s] Level 1:colcon.colcon_core.package_identification:_identify(src/rplidar_ros) by extensions ['colcon_pkg']
[0.158s] Level 1:colcon.colcon_core.package_identification:_identify(src/rplidar_ros) by extension 'colcon_pkg'
[0.158s] Level 1:colcon.colcon_core.package_identification:_identify(src/rplidar_ros) by extensions ['colcon_meta']
[0.158s] Level 1:colcon.colcon_core.package_identification:_identify(src/rplidar_ros) by extension 'colcon_meta'
[0.158s] Level 1:colcon.colcon_core.package_identification:_identify(src/rplidar_ros) by extensions ['ros']
[0.158s] Level 1:colcon.colcon_core.package_identification:_identify(src/rplidar_ros) by extension 'ros'
[0.158s] DEBUG:colcon.colcon_core.package_identification:Package 'src/rplidar_ros' with type 'ros.ament_cmake' and name 'rplidar_ros'
[0.158s] Level 1:colcon.colcon_core.package_discovery:discover_packages(recursive) using defaults
[0.158s] Level 1:colcon.colcon_core.package_discovery:discover_packages(ignore) discover
[0.158s] Level 1:colcon.colcon_core.package_discovery:discover_packages(ignore) using defaults
[0.158s] Level 1:colcon.colcon_core.package_discovery:discover_packages(path) discover
[0.158s] Level 1:colcon.colcon_core.package_discovery:discover_packages(path) using defaults
[0.172s] Level 1:colcon.colcon_core.package_discovery:discover_packages(prefix_path) check parameters
[0.172s] Level 1:colcon.colcon_core.package_discovery:discover_packages(prefix_path) discover
[0.173s] DEBUG:colcon.colcon_installed_package_information.package_discovery:Found 0 installed packages in /home/dominicd/dentista_drive_ws/install
[0.174s] DEBUG:colcon.colcon_installed_package_information.package_discovery:Found 285 installed packages in /opt/ros/jazzy
[0.174s] Level 1:colcon.colcon_core.package_discovery:discover_packages(prefix_path) using defaults
[0.194s] Level 5:colcon.colcon_core.verb:set package 'den_rob_package' build argument 'cmake_args' from command line to 'None'
[0.194s] Level 5:colcon.colcon_core.verb:set package 'den_rob_package' build argument 'cmake_target' from command line to 'None'
[0.194s] Level 5:colcon.colcon_core.verb:set package 'den_rob_package' build argument 'cmake_target_skip_unavailable' from command line to 'False'
[0.194s] Level 5:colcon.colcon_core.verb:set package 'den_rob_package' build argument 'cmake_clean_cache' from command line to 'False'
[0.194s] Level 5:colcon.colcon_core.verb:set package 'den_rob_package' build argument 'cmake_clean_first' from command line to 'False'
[0.194s] Level 5:colcon.colcon_core.verb:set package 'den_rob_package' build argument 'cmake_force_configure' from command line to 'False'
[0.194s] Level 5:colcon.colcon_core.verb:set package 'den_rob_package' build argument 'ament_cmake_args' from command line to 'None'
[0.194s] Level 5:colcon.colcon_core.verb:set package 'den_rob_package' build argument 'catkin_cmake_args' from command line to 'None'
[0.194s] Level 5:colcon.colcon_core.verb:set package 'den_rob_package' build argument 'catkin_skip_building_tests' from command line to 'False'
[0.194s] DEBUG:colcon.colcon_core.verb:Building package 'den_rob_package' with the following arguments: {'ament_cmake_args': None, 'build_base': '/home/dominicd/dentista_drive_ws/build/den_rob_package', 'catkin_cmake_args': None, 'catkin_skip_building_tests': False, 'cmake_args': None, 'cmake_clean_cache': False, 'cmake_clean_first': False, 'cmake_force_configure': False, 'cmake_target': None, 'cmake_target_skip_unavailable': False, 'install_base': '/home/dominicd/dentista_drive_ws/install/den_rob_package', 'merge_install': False, 'path': '/home/dominicd/dentista_drive_ws/src/denstista_ROS2_Drive', 'symlink_install': True, 'test_result_base': None}
[0.195s] Level 5:colcon.colcon_core.verb:set package 'rplidar_ros' build argument 'cmake_args' from command line to 'None'
[0.195s] Level 5:colcon.colcon_core.verb:set package 'rplidar_ros' build argument 'cmake_target' from command line to 'None'
[0.195s] Level 5:colcon.colcon_core.verb:set package 'rplidar_ros' build argument 'cmake_target_skip_unavailable' from command line to 'False'
[0.195s] Level 5:colcon.colcon_core.verb:set package 'rplidar_ros' build argument 'cmake_clean_cache' from command line to 'False'
[0.195s] Level 5:colcon.colcon_core.verb:set package 'rplidar_ros' build argument 'cmake_clean_first' from command line to 'False'
[0.195s] Level 5:colcon.colcon_core.verb:set package 'rplidar_ros' build argument 'cmake_force_configure' from command line to 'False'
[0.195s] Level 5:colcon.colcon_core.verb:set package 'rplidar_ros' build argument 'ament_cmake_args' from command line to 'None'
[0.195s] Level 5:colcon.colcon_core.verb:set package 'rplidar_ros' build argument 'catkin_cmake_args' from command line to 'None'
[0.195s] Level 5:colcon.colcon_core.verb:set package 'rplidar_ros' build argument 'catkin_skip_building_tests' from command line to 'False'
[0.195s] DEBUG:colcon.colcon_core.verb:Building package 'rplidar_ros' with the following arguments: {'ament_cmake_args': None, 'build_base': '/home/dominicd/dentista_drive_ws/build/rplidar_ros', 'catkin_cmake_args': None, 'catkin_skip_building_tests': False, 'cmake_args': None, 'cmake_clean_cache': False, 'cmake_clean_first': False, 'cmake_force_configure': False, 'cmake_target': None, 'cmake_target_skip_unavailable': False, 'install_base': '/home/dominicd/dentista_drive_ws/install/rplidar_ros', 'merge_install': False, 'path': '/home/dominicd/dentista_drive_ws/src/rplidar_ros', 'symlink_install': True, 'test_result_base': None}
[0.195s] INFO:colcon.colcon_core.executor:Executing jobs using 'parallel' executor
[0.195s] DEBUG:colcon.colcon_parallel_executor.executor.parallel:run_until_complete
[0.195s] INFO:colcon.colcon_ros.task.ament_python.build:Building ROS package in '/home/dominicd/dentista_drive_ws/src/denstista_ROS2_Drive' with build type 'ament_python'
[0.195s] Level 1:colcon.colcon_core.shell:create_environment_hook('den_rob_package', 'ament_prefix_path')
[0.198s] INFO:colcon.colcon_core.plugin_system:Skipping extension 'colcon_core.shell.bat': Not used on non-Windows systems
[0.198s] INFO:colcon.colcon_core.shell:Creating environment hook '/home/dominicd/dentista_drive_ws/install/den_rob_package/share/den_rob_package/hook/ament_prefix_path.ps1'
[0.199s] INFO:colcon.colcon_core.shell:Creating environment descriptor '/home/dominicd/dentista_drive_ws/install/den_rob_package/share/den_rob_package/hook/ament_prefix_path.dsv'
[0.200s] INFO:colcon.colcon_core.shell:Creating environment hook '/home/dominicd/dentista_drive_ws/install/den_rob_package/share/den_rob_package/hook/ament_prefix_path.sh'
[0.201s] INFO:colcon.colcon_core.shell:Skip shell extension 'powershell' for command environment: Not usable outside of PowerShell
[0.201s] DEBUG:colcon.colcon_core.shell:Skip shell extension 'dsv' for command environment
[0.204s] INFO:colcon.colcon_ros.task.ament_cmake.build:Building ROS package in '/home/dominicd/dentista_drive_ws/src/rplidar_ros' with build type 'ament_cmake'
[0.204s] INFO:colcon.colcon_cmake.task.cmake.build:Building CMake package in '/home/dominicd/dentista_drive_ws/src/rplidar_ros'
[0.205s] INFO:colcon.colcon_core.shell:Skip shell extension 'powershell' for command environment: Not usable outside of PowerShell
[0.205s] DEBUG:colcon.colcon_core.shell:Skip shell extension 'dsv' for command environment
[0.339s] INFO:colcon.colcon_core.task.python.build:Building Python package in '/home/dominicd/dentista_drive_ws/src/denstista_ROS2_Drive'
[0.339s] INFO:colcon.colcon_core.shell:Skip shell extension 'powershell' for command environment: Not usable outside of PowerShell
[0.339s] DEBUG:colcon.colcon_core.shell:Skip shell extension 'dsv' for command environment
[0.342s] DEBUG:colcon.colcon_core.event_handler.log_command:Invoking command in '/home/dominicd/dentista_drive_ws/build/rplidar_ros': CMAKE_PREFIX_PATH=${CMAKE_PREFIX_PATH}:/opt/ros/jazzy DEBUGINFOD_URLS=https://debuginfod.ubuntu.com /usr/bin/cmake /home/dominicd/dentista_drive_ws/src/rplidar_ros -DAMENT_CMAKE_SYMLINK_INSTALL=1 -DCMAKE_INSTALL_PREFIX=/home/dominicd/dentista_drive_ws/install/rplidar_ros
[0.923s] DEBUG:colcon.colcon_core.event_handler.log_command:Invoking command in '/home/dominicd/dentista_drive_ws/build/den_rob_package': DEBUGINFOD_URLS=https://debuginfod.ubuntu.com PYTHONPATH=/home/dominicd/dentista_drive_ws/build/den_rob_package/prefix_override:/usr/lib/python3/dist-packages/colcon_core/task/python/colcon_distutils_commands:/home/dominicd/dentista_drive_ws/install/den_rob_package/lib/python3.12/site-packages:${PYTHONPATH} /usr/bin/python3 -W ignore:setup.py install is deprecated -W ignore:easy_install command is deprecated setup.py develop --editable --build-directory /home/dominicd/dentista_drive_ws/build/den_rob_package/build --no-deps symlink_data
[1.224s] Level 1:colcon.colcon_core.shell:create_environment_hook('den_rob_package', 'pythonpath_develop')
[1.224s] INFO:colcon.colcon_core.shell:Creating environment hook '/home/dominicd/dentista_drive_ws/build/den_rob_package/share/den_rob_package/hook/pythonpath_develop.ps1'
[1.225s] INFO:colcon.colcon_core.shell:Creating environment descriptor '/home/dominicd/dentista_drive_ws/build/den_rob_package/share/den_rob_package/hook/pythonpath_develop.dsv'
[1.225s] INFO:colcon.colcon_core.shell:Creating environment hook '/home/dominicd/dentista_drive_ws/build/den_rob_package/share/den_rob_package/hook/pythonpath_develop.sh'
[1.226s] DEBUG:colcon.colcon_core.event_handler.log_command:Invoked command in '/home/dominicd/dentista_drive_ws/build/den_rob_package' returned '0': DEBUGINFOD_URLS=https://debuginfod.ubuntu.com PYTHONPATH=/home/dominicd/dentista_drive_ws/build/den_rob_package/prefix_override:/usr/lib/python3/dist-packages/colcon_core/task/python/colcon_distutils_commands:/home/dominicd/dentista_drive_ws/install/den_rob_package/lib/python3.12/site-packages:${PYTHONPATH} /usr/bin/python3 -W ignore:setup.py install is deprecated -W ignore:easy_install command is deprecated setup.py develop --editable --build-directory /home/dominicd/dentista_drive_ws/build/den_rob_package/build --no-deps symlink_data
[1.229s] Level 1:colcon.colcon_core.environment:checking '/home/dominicd/dentista_drive_ws/install/den_rob_package' for CMake module files
[1.230s] Level 1:colcon.colcon_core.environment:checking '/home/dominicd/dentista_drive_ws/install/den_rob_package' for CMake config files
[1.230s] Level 1:colcon.colcon_core.environment:checking '/home/dominicd/dentista_drive_ws/install/den_rob_package/lib'
[1.230s] Level 1:colcon.colcon_core.environment:checking '/home/dominicd/dentista_drive_ws/install/den_rob_package/bin'
[1.230s] Level 1:colcon.colcon_core.environment:checking '/home/dominicd/dentista_drive_ws/install/den_rob_package/lib/pkgconfig/den_rob_package.pc'
[1.230s] Level 1:colcon.colcon_core.environment:checking '/home/dominicd/dentista_drive_ws/install/den_rob_package/lib/python3.12/site-packages'
[1.230s] Level 1:colcon.colcon_core.shell:create_environment_hook('den_rob_package', 'pythonpath')
[1.230s] INFO:colcon.colcon_core.shell:Creating environment hook '/home/dominicd/dentista_drive_ws/install/den_rob_package/share/den_rob_package/hook/pythonpath.ps1'
[1.231s] INFO:colcon.colcon_core.shell:Creating environment descriptor '/home/dominicd/dentista_drive_ws/install/den_rob_package/share/den_rob_package/hook/pythonpath.dsv'
[1.231s] INFO:colcon.colcon_core.shell:Creating environment hook '/home/dominicd/dentista_drive_ws/install/den_rob_package/share/den_rob_package/hook/pythonpath.sh'
[1.231s] Level 1:colcon.colcon_core.environment:checking '/home/dominicd/dentista_drive_ws/install/den_rob_package/bin'
[1.231s] Level 1:colcon.colcon_core.environment:create_environment_scripts_only(den_rob_package)
[1.231s] INFO:colcon.colcon_core.shell:Creating package script '/home/dominicd/dentista_drive_ws/install/den_rob_package/share/den_rob_package/package.ps1'
[1.232s] INFO:colcon.colcon_core.shell:Creating package descriptor '/home/dominicd/dentista_drive_ws/install/den_rob_package/share/den_rob_package/package.dsv'
[1.233s] INFO:colcon.colcon_core.shell:Creating package script '/home/dominicd/dentista_drive_ws/install/den_rob_package/share/den_rob_package/package.sh'
[1.233s] INFO:colcon.colcon_core.shell:Creating package script '/home/dominicd/dentista_drive_ws/install/den_rob_package/share/den_rob_package/package.bash'
[1.234s] INFO:colcon.colcon_core.shell:Creating package script '/home/dominicd/dentista_drive_ws/install/den_rob_package/share/den_rob_package/package.zsh'
[1.234s] Level 1:colcon.colcon_core.environment:create_file_with_runtime_dependencies(/home/dominicd/dentista_drive_ws/install/den_rob_package/share/colcon-core/packages/den_rob_package)
[1.449s] DEBUG:colcon.colcon_core.event_handler.log_command:Invoked command in '/home/dominicd/dentista_drive_ws/build/rplidar_ros' returned '0': CMAKE_PREFIX_PATH=${CMAKE_PREFIX_PATH}:/opt/ros/jazzy DEBUGINFOD_URLS=https://debuginfod.ubuntu.com /usr/bin/cmake /home/dominicd/dentista_drive_ws/src/rplidar_ros -DAMENT_CMAKE_SYMLINK_INSTALL=1 -DCMAKE_INSTALL_PREFIX=/home/dominicd/dentista_drive_ws/install/rplidar_ros
[1.449s] DEBUG:colcon.colcon_core.event_handler.log_command:Invoking command in '/home/dominicd/dentista_drive_ws/build/rplidar_ros': CMAKE_PREFIX_PATH=${CMAKE_PREFIX_PATH}:/opt/ros/jazzy DEBUGINFOD_URLS=https://debuginfod.ubuntu.com /usr/bin/cmake --build /home/dominicd/dentista_drive_ws/build/rplidar_ros -- -j10 -l10
[6.887s] DEBUG:colcon.colcon_core.event_handler.log_command:Invoked command in '/home/dominicd/dentista_drive_ws/build/rplidar_ros' returned '0': CMAKE_PREFIX_PATH=${CMAKE_PREFIX_PATH}:/opt/ros/jazzy DEBUGINFOD_URLS=https://debuginfod.ubuntu.com /usr/bin/cmake --build /home/dominicd/dentista_drive_ws/build/rplidar_ros -- -j10 -l10
[6.894s] DEBUG:colcon.colcon_core.event_handler.log_command:Invoking command in '/home/dominicd/dentista_drive_ws/build/rplidar_ros': CMAKE_PREFIX_PATH=${CMAKE_PREFIX_PATH}:/opt/ros/jazzy DEBUGINFOD_URLS=https://debuginfod.ubuntu.com /usr/bin/cmake --install /home/dominicd/dentista_drive_ws/build/rplidar_ros
[7.137s] Level 1:colcon.colcon_core.environment:create_environment_scripts_only(rplidar_ros)
[7.138s] Level 1:colcon.colcon_core.environment:checking '/home/dominicd/dentista_drive_ws/install/rplidar_ros' for CMake module files
[7.139s] Level 1:colcon.colcon_core.environment:checking '/home/dominicd/dentista_drive_ws/install/rplidar_ros' for CMake config files
[7.139s] Level 1:colcon.colcon_core.shell:create_environment_hook('rplidar_ros', 'cmake_prefix_path')
[7.139s] INFO:colcon.colcon_core.shell:Creating environment hook '/home/dominicd/dentista_drive_ws/install/rplidar_ros/share/rplidar_ros/hook/cmake_prefix_path.ps1'
[7.139s] DEBUG:colcon.colcon_core.event_handler.log_command:Invoked command in '/home/dominicd/dentista_drive_ws/build/rplidar_ros' returned '0': CMAKE_PREFIX_PATH=${CMAKE_PREFIX_PATH}:/opt/ros/jazzy DEBUGINFOD_URLS=https://debuginfod.ubuntu.com /usr/bin/cmake --install /home/dominicd/dentista_drive_ws/build/rplidar_ros
[7.141s] INFO:colcon.colcon_core.shell:Creating environment descriptor '/home/dominicd/dentista_drive_ws/install/rplidar_ros/share/rplidar_ros/hook/cmake_prefix_path.dsv'
[7.143s] INFO:colcon.colcon_core.shell:Creating environment hook '/home/dominicd/dentista_drive_ws/install/rplidar_ros/share/rplidar_ros/hook/cmake_prefix_path.sh'
[7.143s] Level 1:colcon.colcon_core.environment:checking '/home/dominicd/dentista_drive_ws/install/rplidar_ros/lib'
[7.143s] Level 1:colcon.colcon_core.environment:checking '/home/dominicd/dentista_drive_ws/install/rplidar_ros/bin'
[7.144s] Level 1:colcon.colcon_core.environment:checking '/home/dominicd/dentista_drive_ws/install/rplidar_ros/lib/pkgconfig/rplidar_ros.pc'
[7.144s] Level 1:colcon.colcon_core.environment:checking '/home/dominicd/dentista_drive_ws/install/rplidar_ros/lib/python3.12/site-packages'
[7.144s] Level 1:colcon.colcon_core.environment:checking '/home/dominicd/dentista_drive_ws/install/rplidar_ros/bin'
[7.144s] INFO:colcon.colcon_core.shell:Creating package script '/home/dominicd/dentista_drive_ws/install/rplidar_ros/share/rplidar_ros/package.ps1'
[7.145s] INFO:colcon.colcon_core.shell:Creating package descriptor '/home/dominicd/dentista_drive_ws/install/rplidar_ros/share/rplidar_ros/package.dsv'
[7.146s] INFO:colcon.colcon_core.shell:Creating package script '/home/dominicd/dentista_drive_ws/install/rplidar_ros/share/rplidar_ros/package.sh'
[7.146s] INFO:colcon.colcon_core.shell:Creating package script '/home/dominicd/dentista_drive_ws/install/rplidar_ros/share/rplidar_ros/package.bash'
[7.147s] INFO:colcon.colcon_core.shell:Creating package script '/home/dominicd/dentista_drive_ws/install/rplidar_ros/share/rplidar_ros/package.zsh'
[7.147s] Level 1:colcon.colcon_core.environment:create_file_with_runtime_dependencies(/home/dominicd/dentista_drive_ws/install/rplidar_ros/share/colcon-core/packages/rplidar_ros)
[7.148s] Level 1:colcon.colcon_core.environment:create_environment_scripts_only(rplidar_ros)
[7.148s] Level 1:colcon.colcon_core.environment:checking '/home/dominicd/dentista_drive_ws/install/rplidar_ros' for CMake module files
[7.148s] Level 1:colcon.colcon_core.environment:checking '/home/dominicd/dentista_drive_ws/install/rplidar_ros' for CMake config files
[7.149s] Level 1:colcon.colcon_core.shell:create_environment_hook('rplidar_ros', 'cmake_prefix_path')
[7.149s] INFO:colcon.colcon_core.shell:Creating environment hook '/home/dominicd/dentista_drive_ws/install/rplidar_ros/share/rplidar_ros/hook/cmake_prefix_path.ps1'
[7.149s] INFO:colcon.colcon_core.shell:Creating environment descriptor '/home/dominicd/dentista_drive_ws/install/rplidar_ros/share/rplidar_ros/hook/cmake_prefix_path.dsv'
[7.149s] INFO:colcon.colcon_core.shell:Creating environment hook '/home/dominicd/dentista_drive_ws/install/rplidar_ros/share/rplidar_ros/hook/cmake_prefix_path.sh'
[7.150s] Level 1:colcon.colcon_core.environment:checking '/home/dominicd/dentista_drive_ws/install/rplidar_ros/lib'
[7.150s] Level 1:colcon.colcon_core.environment:checking '/home/dominicd/dentista_drive_ws/install/rplidar_ros/bin'
[7.150s] Level 1:colcon.colcon_core.environment:checking '/home/dominicd/dentista_drive_ws/install/rplidar_ros/lib/pkgconfig/rplidar_ros.pc'
[7.150s] Level 1:colcon.colcon_core.environment:checking '/home/dominicd/dentista_drive_ws/install/rplidar_ros/lib/python3.12/site-packages'
[7.150s] Level 1:colcon.colcon_core.environment:checking '/home/dominicd/dentista_drive_ws/install/rplidar_ros/bin'
[7.150s] INFO:colcon.colcon_core.shell:Creating package script '/home/dominicd/dentista_drive_ws/install/rplidar_ros/share/rplidar_ros/package.ps1'
[7.151s] INFO:colcon.colcon_core.shell:Creating package descriptor '/home/dominicd/dentista_drive_ws/install/rplidar_ros/share/rplidar_ros/package.dsv'
[7.151s] INFO:colcon.colcon_core.shell:Creating package script '/home/dominicd/dentista_drive_ws/install/rplidar_ros/share/rplidar_ros/package.sh'
[7.151s] INFO:colcon.colcon_core.shell:Creating package script '/home/dominicd/dentista_drive_ws/install/rplidar_ros/share/rplidar_ros/package.bash'
[7.151s] INFO:colcon.colcon_core.shell:Creating package script '/home/dominicd/dentista_drive_ws/install/rplidar_ros/share/rplidar_ros/package.zsh'
[7.152s] Level 1:colcon.colcon_core.environment:create_file_with_runtime_dependencies(/home/dominicd/dentista_drive_ws/install/rplidar_ros/share/colcon-core/packages/rplidar_ros)
[7.152s] DEBUG:colcon.colcon_parallel_executor.executor.parallel:closing loop
[7.152s] DEBUG:colcon.colcon_parallel_executor.executor.parallel:loop closed
[7.152s] DEBUG:colcon.colcon_parallel_executor.executor.parallel:run_until_complete finished with '0'
[7.152s] DEBUG:colcon.colcon_core.event_reactor:joining thread
[7.342s] INFO:colcon.colcon_core.plugin_system:Skipping extension 'colcon_notification.desktop_notification.terminal_notifier': Not used on non-Darwin systems
[7.342s] INFO:colcon.colcon_core.plugin_system:Skipping extension 'colcon_notification.desktop_notification.win32': Not used on non-Windows systems
[7.342s] INFO:colcon.colcon_notification.desktop_notification:Sending desktop notification using 'notify2'
[7.545s] DEBUG:colcon.colcon_core.event_reactor:joined thread
[7.545s] INFO:colcon.colcon_core.shell:Creating prefix script '/home/dominicd/dentista_drive_ws/install/local_setup.ps1'
[7.546s] INFO:colcon.colcon_core.shell:Creating prefix util module '/home/dominicd/dentista_drive_ws/install/_local_setup_util_ps1.py'
[7.548s] INFO:colcon.colcon_core.shell:Creating prefix chain script '/home/dominicd/dentista_drive_ws/install/setup.ps1'
[7.549s] INFO:colcon.colcon_core.shell:Creating prefix script '/home/dominicd/dentista_drive_ws/install/local_setup.sh'
[7.549s] INFO:colcon.colcon_core.shell:Creating prefix util module '/home/dominicd/dentista_drive_ws/install/_local_setup_util_sh.py'
[7.550s] INFO:colcon.colcon_core.shell:Creating prefix chain script '/home/dominicd/dentista_drive_ws/install/setup.sh'
[7.550s] INFO:colcon.colcon_core.shell:Creating prefix script '/home/dominicd/dentista_drive_ws/install/local_setup.bash'
[7.550s] INFO:colcon.colcon_core.shell:Creating prefix chain script '/home/dominicd/dentista_drive_ws/install/setup.bash'
[7.551s] INFO:colcon.colcon_core.shell:Creating prefix script '/home/dominicd/dentista_drive_ws/install/local_setup.zsh'
[7.551s] INFO:colcon.colcon_core.shell:Creating prefix chain script '/home/dominicd/dentista_drive_ws/install/setup.zsh'
