[0.042s] DEBUG:colcon:Command line arguments: ['/usr/bin/colcon', 'build']
[0.043s] DEBUG:colcon:Parsed command line arguments: Namespace(log_base=None, log_level=None, verb_name='build', build_base='build', install_base='install', merge_install=False, symlink_install=False, test_result_base=None, continue_on_error=False, executor='parallel', parallel_workers=10, event_handlers=None, ignore_user_meta=False, metas=['./colcon.meta'], base_paths=['.'], packages_ignore=None, packages_ignore_regex=None, paths=None, packages_up_to=None, packages_up_to_regex=None, packages_above=None, packages_above_and_dependencies=None, packages_above_depth=None, packages_select_by_dep=None, packages_skip_by_dep=None, packages_skip_up_to=None, packages_select_build_failed=False, packages_skip_build_finished=False, packages_select_test_failures=False, packages_skip_test_passed=False, packages_select=None, packages_skip=None, packages_select_regex=None, packages_skip_regex=None, packages_start=None, packages_end=None, allow_overriding=[], cmake_args=None, cmake_target=None, cmake_target_skip_unavailable=False, cmake_clean_cache=False, cmake_clean_first=False, cmake_force_configure=False, ament_cmake_args=None, catkin_cmake_args=None, catkin_skip_building_tests=False, mixin_files=None, mixin=None, verb_parser=<colcon_mixin.mixin.mixin_argument.MixinArgumentDecorator object at 0xf04cc6a50da0>, verb_extension=<colcon_core.verb.build.BuildVerb object at 0xf04cc6a50a40>, main=<bound method BuildVerb.main of <colcon_core.verb.build.BuildVerb object at 0xf04cc6a50a40>>, mixin_verb=('build',))
[0.057s] Level 1:colcon.colcon_core.package_discovery:discover_packages(colcon_meta) check parameters
[0.057s] Level 1:colcon.colcon_core.package_discovery:discover_packages(recursive) check parameters
[0.057s] Level 1:colcon.colcon_core.package_discovery:discover_packages(ignore) check parameters
[0.057s] Level 1:colcon.colcon_core.package_discovery:discover_packages(path) check parameters
[0.057s] Level 1:colcon.colcon_core.package_discovery:discover_packages(colcon_meta) discover
[0.057s] Level 1:colcon.colcon_core.package_discovery:discover_packages(recursive) discover
[0.057s] INFO:colcon.colcon_core.package_discovery:Crawling recursively for packages in '/home/dominicd/Desktop/dentista_drive_ws'
[0.057s] Level 1:colcon.colcon_core.package_identification:_identify(.) by extensions ['ignore', 'ignore_ament_install']
[0.057s] Level 1:colcon.colcon_core.package_identification:_identify(.) by extension 'ignore'
[0.057s] Level 1:colcon.colcon_core.package_identification:_identify(.) by extension 'ignore_ament_install'
[0.057s] Level 1:colcon.colcon_core.package_identification:_identify(.) by extensions ['colcon_pkg']
[0.057s] Level 1:colcon.colcon_core.package_identification:_identify(.) by extension 'colcon_pkg'
[0.057s] Level 1:colcon.colcon_core.package_identification:_identify(.) by extensions ['colcon_meta']
[0.057s] Level 1:colcon.colcon_core.package_identification:_identify(.) by extension 'colcon_meta'
[0.057s] Level 1:colcon.colcon_core.package_identification:_identify(.) by extensions ['ros']
[0.057s] Level 1:colcon.colcon_core.package_identification:_identify(.) by extension 'ros'
[0.067s] Level 1:colcon.colcon_core.package_identification:_identify(.) by extensions ['cmake', 'python']
[0.067s] Level 1:colcon.colcon_core.package_identification:_identify(.) by extension 'cmake'
[0.067s] Level 1:colcon.colcon_core.package_identification:_identify(.) by extension 'python'
[0.067s] Level 1:colcon.colcon_core.package_identification:_identify(.) by extensions ['python_setup_py']
[0.067s] Level 1:colcon.colcon_core.package_identification:_identify(.) by extension 'python_setup_py'
[0.067s] Level 1:colcon.colcon_core.package_identification:_identify(build) by extensions ['ignore', 'ignore_ament_install']
[0.067s] Level 1:colcon.colcon_core.package_identification:_identify(build) by extension 'ignore'
[0.067s] Level 1:colcon.colcon_core.package_identification:_identify(build) ignored
[0.067s] Level 1:colcon.colcon_core.package_identification:_identify(install) by extensions ['ignore', 'ignore_ament_install']
[0.067s] Level 1:colcon.colcon_core.package_identification:_identify(install) by extension 'ignore'
[0.067s] Level 1:colcon.colcon_core.package_identification:_identify(install) ignored
[0.067s] Level 1:colcon.colcon_core.package_identification:_identify(log) by extensions ['ignore', 'ignore_ament_install']
[0.067s] Level 1:colcon.colcon_core.package_identification:_identify(log) by extension 'ignore'
[0.067s] Level 1:colcon.colcon_core.package_identification:_identify(log) ignored
[0.067s] Level 1:colcon.colcon_core.package_identification:_identify(src) by extensions ['ignore', 'ignore_ament_install']
[0.067s] Level 1:colcon.colcon_core.package_identification:_identify(src) by extension 'ignore'
[0.067s] Level 1:colcon.colcon_core.package_identification:_identify(src) by extension 'ignore_ament_install'
[0.067s] Level 1:colcon.colcon_core.package_identification:_identify(src) by extensions ['colcon_pkg']
[0.067s] Level 1:colcon.colcon_core.package_identification:_identify(src) by extension 'colcon_pkg'
[0.067s] Level 1:colcon.colcon_core.package_identification:_identify(src) by extensions ['colcon_meta']
[0.067s] Level 1:colcon.colcon_core.package_identification:_identify(src) by extension 'colcon_meta'
[0.067s] Level 1:colcon.colcon_core.package_identification:_identify(src) by extensions ['ros']
[0.067s] Level 1:colcon.colcon_core.package_identification:_identify(src) by extension 'ros'
[0.067s] Level 1:colcon.colcon_core.package_identification:_identify(src) by extensions ['cmake', 'python']
[0.067s] Level 1:colcon.colcon_core.package_identification:_identify(src) by extension 'cmake'
[0.067s] Level 1:colcon.colcon_core.package_identification:_identify(src) by extension 'python'
[0.067s] Level 1:colcon.colcon_core.package_identification:_identify(src) by extensions ['python_setup_py']
[0.067s] Level 1:colcon.colcon_core.package_identification:_identify(src) by extension 'python_setup_py'
[0.067s] Level 1:colcon.colcon_core.package_identification:_identify(src/denstista_ROS2_Drive) by extensions ['ignore', 'ignore_ament_install']
[0.067s] Level 1:colcon.colcon_core.package_identification:_identify(src/denstista_ROS2_Drive) by extension 'ignore'
[0.067s] Level 1:colcon.colcon_core.package_identification:_identify(src/denstista_ROS2_Drive) by extension 'ignore_ament_install'
[0.067s] Level 1:colcon.colcon_core.package_identification:_identify(src/denstista_ROS2_Drive) by extensions ['colcon_pkg']
[0.067s] Level 1:colcon.colcon_core.package_identification:_identify(src/denstista_ROS2_Drive) by extension 'colcon_pkg'
[0.067s] Level 1:colcon.colcon_core.package_identification:_identify(src/denstista_ROS2_Drive) by extensions ['colcon_meta']
[0.067s] Level 1:colcon.colcon_core.package_identification:_identify(src/denstista_ROS2_Drive) by extension 'colcon_meta'
[0.067s] Level 1:colcon.colcon_core.package_identification:_identify(src/denstista_ROS2_Drive) by extensions ['ros']
[0.067s] Level 1:colcon.colcon_core.package_identification:_identify(src/denstista_ROS2_Drive) by extension 'ros'
[0.068s] DEBUG:colcon.colcon_core.package_identification:Package 'src/denstista_ROS2_Drive' with type 'ros.ament_python' and name 'den_rob_package'
[0.068s] Level 1:colcon.colcon_core.package_identification:_identify(src/rplidar_ros) by extensions ['ignore', 'ignore_ament_install']
[0.068s] Level 1:colcon.colcon_core.package_identification:_identify(src/rplidar_ros) by extension 'ignore'
[0.068s] Level 1:colcon.colcon_core.package_identification:_identify(src/rplidar_ros) by extension 'ignore_ament_install'
[0.068s] Level 1:colcon.colcon_core.package_identification:_identify(src/rplidar_ros) by extensions ['colcon_pkg']
[0.068s] Level 1:colcon.colcon_core.package_identification:_identify(src/rplidar_ros) by extension 'colcon_pkg'
[0.068s] Level 1:colcon.colcon_core.package_identification:_identify(src/rplidar_ros) by extensions ['colcon_meta']
[0.068s] Level 1:colcon.colcon_core.package_identification:_identify(src/rplidar_ros) by extension 'colcon_meta'
[0.068s] Level 1:colcon.colcon_core.package_identification:_identify(src/rplidar_ros) by extensions ['ros']
[0.068s] Level 1:colcon.colcon_core.package_identification:_identify(src/rplidar_ros) by extension 'ros'
[0.068s] DEBUG:colcon.colcon_core.package_identification:Package 'src/rplidar_ros' with type 'ros.ament_cmake' and name 'rplidar_ros'
[0.068s] Level 1:colcon.colcon_core.package_discovery:discover_packages(recursive) using defaults
[0.068s] Level 1:colcon.colcon_core.package_discovery:discover_packages(ignore) discover
[0.068s] Level 1:colcon.colcon_core.package_discovery:discover_packages(ignore) using defaults
[0.068s] Level 1:colcon.colcon_core.package_discovery:discover_packages(path) discover
[0.068s] Level 1:colcon.colcon_core.package_discovery:discover_packages(path) using defaults
[0.075s] Level 1:colcon.colcon_core.package_discovery:discover_packages(prefix_path) check parameters
[0.075s] Level 1:colcon.colcon_core.package_discovery:discover_packages(prefix_path) discover
[0.075s] DEBUG:colcon.colcon_installed_package_information.package_discovery:Found 290 installed packages in /opt/ros/jazzy
[0.076s] Level 1:colcon.colcon_core.package_discovery:discover_packages(prefix_path) using defaults
[0.091s] Level 5:colcon.colcon_core.verb:set package 'den_rob_package' build argument 'cmake_args' from command line to 'None'
[0.091s] Level 5:colcon.colcon_core.verb:set package 'den_rob_package' build argument 'cmake_target' from command line to 'None'
[0.091s] Level 5:colcon.colcon_core.verb:set package 'den_rob_package' build argument 'cmake_target_skip_unavailable' from command line to 'False'
[0.091s] Level 5:colcon.colcon_core.verb:set package 'den_rob_package' build argument 'cmake_clean_cache' from command line to 'False'
[0.091s] Level 5:colcon.colcon_core.verb:set package 'den_rob_package' build argument 'cmake_clean_first' from command line to 'False'
[0.091s] Level 5:colcon.colcon_core.verb:set package 'den_rob_package' build argument 'cmake_force_configure' from command line to 'False'
[0.091s] Level 5:colcon.colcon_core.verb:set package 'den_rob_package' build argument 'ament_cmake_args' from command line to 'None'
[0.091s] Level 5:colcon.colcon_core.verb:set package 'den_rob_package' build argument 'catkin_cmake_args' from command line to 'None'
[0.091s] Level 5:colcon.colcon_core.verb:set package 'den_rob_package' build argument 'catkin_skip_building_tests' from command line to 'False'
[0.091s] DEBUG:colcon.colcon_core.verb:Building package 'den_rob_package' with the following arguments: {'ament_cmake_args': None, 'build_base': '/home/dominicd/Desktop/dentista_drive_ws/build/den_rob_package', 'catkin_cmake_args': None, 'catkin_skip_building_tests': False, 'cmake_args': None, 'cmake_clean_cache': False, 'cmake_clean_first': False, 'cmake_force_configure': False, 'cmake_target': None, 'cmake_target_skip_unavailable': False, 'install_base': '/home/dominicd/Desktop/dentista_drive_ws/install/den_rob_package', 'merge_install': False, 'path': '/home/dominicd/Desktop/dentista_drive_ws/src/denstista_ROS2_Drive', 'symlink_install': False, 'test_result_base': None}
[0.091s] Level 5:colcon.colcon_core.verb:set package 'rplidar_ros' build argument 'cmake_args' from command line to 'None'
[0.091s] Level 5:colcon.colcon_core.verb:set package 'rplidar_ros' build argument 'cmake_target' from command line to 'None'
[0.091s] Level 5:colcon.colcon_core.verb:set package 'rplidar_ros' build argument 'cmake_target_skip_unavailable' from command line to 'False'
[0.091s] Level 5:colcon.colcon_core.verb:set package 'rplidar_ros' build argument 'cmake_clean_cache' from command line to 'False'
[0.091s] Level 5:colcon.colcon_core.verb:set package 'rplidar_ros' build argument 'cmake_clean_first' from command line to 'False'
[0.091s] Level 5:colcon.colcon_core.verb:set package 'rplidar_ros' build argument 'cmake_force_configure' from command line to 'False'
[0.091s] Level 5:colcon.colcon_core.verb:set package 'rplidar_ros' build argument 'ament_cmake_args' from command line to 'None'
[0.091s] Level 5:colcon.colcon_core.verb:set package 'rplidar_ros' build argument 'catkin_cmake_args' from command line to 'None'
[0.091s] Level 5:colcon.colcon_core.verb:set package 'rplidar_ros' build argument 'catkin_skip_building_tests' from command line to 'False'
[0.091s] DEBUG:colcon.colcon_core.verb:Building package 'rplidar_ros' with the following arguments: {'ament_cmake_args': None, 'build_base': '/home/dominicd/Desktop/dentista_drive_ws/build/rplidar_ros', 'catkin_cmake_args': None, 'catkin_skip_building_tests': False, 'cmake_args': None, 'cmake_clean_cache': False, 'cmake_clean_first': False, 'cmake_force_configure': False, 'cmake_target': None, 'cmake_target_skip_unavailable': False, 'install_base': '/home/dominicd/Desktop/dentista_drive_ws/install/rplidar_ros', 'merge_install': False, 'path': '/home/dominicd/Desktop/dentista_drive_ws/src/rplidar_ros', 'symlink_install': False, 'test_result_base': None}
[0.091s] INFO:colcon.colcon_core.executor:Executing jobs using 'parallel' executor
[0.091s] DEBUG:colcon.colcon_parallel_executor.executor.parallel:run_until_complete
[0.092s] INFO:colcon.colcon_ros.task.ament_python.build:Building ROS package in '/home/dominicd/Desktop/dentista_drive_ws/src/denstista_ROS2_Drive' with build type 'ament_python'
[0.092s] Level 1:colcon.colcon_core.shell:create_environment_hook('den_rob_package', 'ament_prefix_path')
[0.092s] INFO:colcon.colcon_core.plugin_system:Skipping extension 'colcon_core.shell.bat': Not used on non-Windows systems
[0.092s] INFO:colcon.colcon_core.shell:Creating environment hook '/home/dominicd/Desktop/dentista_drive_ws/install/den_rob_package/share/den_rob_package/hook/ament_prefix_path.ps1'
[0.093s] INFO:colcon.colcon_core.shell:Creating environment descriptor '/home/dominicd/Desktop/dentista_drive_ws/install/den_rob_package/share/den_rob_package/hook/ament_prefix_path.dsv'
[0.093s] INFO:colcon.colcon_core.shell:Creating environment hook '/home/dominicd/Desktop/dentista_drive_ws/install/den_rob_package/share/den_rob_package/hook/ament_prefix_path.sh'
[0.093s] INFO:colcon.colcon_core.shell:Skip shell extension 'powershell' for command environment: Not usable outside of PowerShell
[0.093s] DEBUG:colcon.colcon_core.shell:Skip shell extension 'dsv' for command environment
[0.094s] INFO:colcon.colcon_ros.task.ament_cmake.build:Building ROS package in '/home/dominicd/Desktop/dentista_drive_ws/src/rplidar_ros' with build type 'ament_cmake'
[0.094s] INFO:colcon.colcon_cmake.task.cmake.build:Building CMake package in '/home/dominicd/Desktop/dentista_drive_ws/src/rplidar_ros'
[0.094s] INFO:colcon.colcon_core.shell:Skip shell extension 'powershell' for command environment: Not usable outside of PowerShell
[0.094s] DEBUG:colcon.colcon_core.shell:Skip shell extension 'dsv' for command environment
[0.176s] INFO:colcon.colcon_core.task.python.build:Building Python package in '/home/dominicd/Desktop/dentista_drive_ws/src/denstista_ROS2_Drive'
[0.176s] INFO:colcon.colcon_core.shell:Skip shell extension 'powershell' for command environment: Not usable outside of PowerShell
[0.176s] DEBUG:colcon.colcon_core.shell:Skip shell extension 'dsv' for command environment
[0.178s] DEBUG:colcon.colcon_core.event_handler.log_command:Invoking command in '/home/dominicd/Desktop/dentista_drive_ws/build/rplidar_ros': CMAKE_PREFIX_PATH=${CMAKE_PREFIX_PATH}:/opt/ros/jazzy DEBUGINFOD_URLS=https://debuginfod.ubuntu.com /usr/bin/cmake /home/dominicd/Desktop/dentista_drive_ws/src/rplidar_ros -DCMAKE_INSTALL_PREFIX=/home/dominicd/Desktop/dentista_drive_ws/install/rplidar_ros
[0.400s] DEBUG:colcon.colcon_core.event_handler.log_command:Invoking command in '/home/dominicd/Desktop/dentista_drive_ws/src/denstista_ROS2_Drive': DEBUGINFOD_URLS=https://debuginfod.ubuntu.com PYTHONPATH=/home/dominicd/Desktop/dentista_drive_ws/build/den_rob_package/prefix_override:/usr/lib/python3/dist-packages/colcon_core/task/python/colcon_distutils_commands:/home/dominicd/Desktop/dentista_drive_ws/install/den_rob_package/lib/python3.12/site-packages:${PYTHONPATH} /usr/bin/python3 -W ignore:setup.py install is deprecated -W ignore:easy_install command is deprecated setup.py egg_info --egg-base ../../build/den_rob_package build --build-base /home/dominicd/Desktop/dentista_drive_ws/build/den_rob_package/build install --record /home/dominicd/Desktop/dentista_drive_ws/build/den_rob_package/install.log --single-version-externally-managed install_data
[0.596s] DEBUG:colcon.colcon_core.event_handler.log_command:Invoked command in '/home/dominicd/Desktop/dentista_drive_ws/src/denstista_ROS2_Drive' returned '0': DEBUGINFOD_URLS=https://debuginfod.ubuntu.com PYTHONPATH=/home/dominicd/Desktop/dentista_drive_ws/build/den_rob_package/prefix_override:/usr/lib/python3/dist-packages/colcon_core/task/python/colcon_distutils_commands:/home/dominicd/Desktop/dentista_drive_ws/install/den_rob_package/lib/python3.12/site-packages:${PYTHONPATH} /usr/bin/python3 -W ignore:setup.py install is deprecated -W ignore:easy_install command is deprecated setup.py egg_info --egg-base ../../build/den_rob_package build --build-base /home/dominicd/Desktop/dentista_drive_ws/build/den_rob_package/build install --record /home/dominicd/Desktop/dentista_drive_ws/build/den_rob_package/install.log --single-version-externally-managed install_data
[0.597s] Level 1:colcon.colcon_core.environment:checking '/home/dominicd/Desktop/dentista_drive_ws/install/den_rob_package' for CMake module files
[0.597s] Level 1:colcon.colcon_core.environment:checking '/home/dominicd/Desktop/dentista_drive_ws/install/den_rob_package' for CMake config files
[0.598s] Level 1:colcon.colcon_core.environment:checking '/home/dominicd/Desktop/dentista_drive_ws/install/den_rob_package/lib'
[0.598s] Level 1:colcon.colcon_core.environment:checking '/home/dominicd/Desktop/dentista_drive_ws/install/den_rob_package/bin'
[0.598s] Level 1:colcon.colcon_core.environment:checking '/home/dominicd/Desktop/dentista_drive_ws/install/den_rob_package/lib/pkgconfig/den_rob_package.pc'
[0.598s] Level 1:colcon.colcon_core.environment:checking '/home/dominicd/Desktop/dentista_drive_ws/install/den_rob_package/lib/python3.12/site-packages'
[0.598s] Level 1:colcon.colcon_core.shell:create_environment_hook('den_rob_package', 'pythonpath')
[0.598s] INFO:colcon.colcon_core.shell:Creating environment hook '/home/dominicd/Desktop/dentista_drive_ws/install/den_rob_package/share/den_rob_package/hook/pythonpath.ps1'
[0.598s] INFO:colcon.colcon_core.shell:Creating environment descriptor '/home/dominicd/Desktop/dentista_drive_ws/install/den_rob_package/share/den_rob_package/hook/pythonpath.dsv'
[0.598s] INFO:colcon.colcon_core.shell:Creating environment hook '/home/dominicd/Desktop/dentista_drive_ws/install/den_rob_package/share/den_rob_package/hook/pythonpath.sh'
[0.598s] Level 1:colcon.colcon_core.environment:checking '/home/dominicd/Desktop/dentista_drive_ws/install/den_rob_package/bin'
[0.598s] Level 1:colcon.colcon_core.environment:create_environment_scripts_only(den_rob_package)
[0.598s] INFO:colcon.colcon_core.shell:Creating package script '/home/dominicd/Desktop/dentista_drive_ws/install/den_rob_package/share/den_rob_package/package.ps1'
[0.599s] INFO:colcon.colcon_core.shell:Creating package descriptor '/home/dominicd/Desktop/dentista_drive_ws/install/den_rob_package/share/den_rob_package/package.dsv'
[0.599s] INFO:colcon.colcon_core.shell:Creating package script '/home/dominicd/Desktop/dentista_drive_ws/install/den_rob_package/share/den_rob_package/package.sh'
[0.599s] INFO:colcon.colcon_core.shell:Creating package script '/home/dominicd/Desktop/dentista_drive_ws/install/den_rob_package/share/den_rob_package/package.bash'
[0.599s] INFO:colcon.colcon_core.shell:Creating package script '/home/dominicd/Desktop/dentista_drive_ws/install/den_rob_package/share/den_rob_package/package.zsh'
[0.600s] Level 1:colcon.colcon_core.environment:create_file_with_runtime_dependencies(/home/dominicd/Desktop/dentista_drive_ws/install/den_rob_package/share/colcon-core/packages/den_rob_package)
[0.893s] DEBUG:colcon.colcon_core.event_handler.log_command:Invoked command in '/home/dominicd/Desktop/dentista_drive_ws/build/rplidar_ros' returned '0': CMAKE_PREFIX_PATH=${CMAKE_PREFIX_PATH}:/opt/ros/jazzy DEBUGINFOD_URLS=https://debuginfod.ubuntu.com /usr/bin/cmake /home/dominicd/Desktop/dentista_drive_ws/src/rplidar_ros -DCMAKE_INSTALL_PREFIX=/home/dominicd/Desktop/dentista_drive_ws/install/rplidar_ros
[0.894s] DEBUG:colcon.colcon_core.event_handler.log_command:Invoking command in '/home/dominicd/Desktop/dentista_drive_ws/build/rplidar_ros': CMAKE_PREFIX_PATH=${CMAKE_PREFIX_PATH}:/opt/ros/jazzy DEBUGINFOD_URLS=https://debuginfod.ubuntu.com /usr/bin/cmake --build /home/dominicd/Desktop/dentista_drive_ws/build/rplidar_ros -- -j10 -l10
[4.446s] DEBUG:colcon.colcon_core.event_handler.log_command:Invoked command in '/home/dominicd/Desktop/dentista_drive_ws/build/rplidar_ros' returned '0': CMAKE_PREFIX_PATH=${CMAKE_PREFIX_PATH}:/opt/ros/jazzy DEBUGINFOD_URLS=https://debuginfod.ubuntu.com /usr/bin/cmake --build /home/dominicd/Desktop/dentista_drive_ws/build/rplidar_ros -- -j10 -l10
[4.450s] DEBUG:colcon.colcon_core.event_handler.log_command:Invoking command in '/home/dominicd/Desktop/dentista_drive_ws/build/rplidar_ros': CMAKE_PREFIX_PATH=${CMAKE_PREFIX_PATH}:/opt/ros/jazzy DEBUGINFOD_URLS=https://debuginfod.ubuntu.com /usr/bin/cmake --install /home/dominicd/Desktop/dentista_drive_ws/build/rplidar_ros
[4.464s] Level 1:colcon.colcon_core.environment:create_environment_scripts_only(rplidar_ros)
[4.465s] Level 1:colcon.colcon_core.environment:checking '/home/dominicd/Desktop/dentista_drive_ws/install/rplidar_ros' for CMake module files
[4.465s] DEBUG:colcon.colcon_core.event_handler.log_command:Invoked command in '/home/dominicd/Desktop/dentista_drive_ws/build/rplidar_ros' returned '0': CMAKE_PREFIX_PATH=${CMAKE_PREFIX_PATH}:/opt/ros/jazzy DEBUGINFOD_URLS=https://debuginfod.ubuntu.com /usr/bin/cmake --install /home/dominicd/Desktop/dentista_drive_ws/build/rplidar_ros
[4.465s] Level 1:colcon.colcon_core.environment:checking '/home/dominicd/Desktop/dentista_drive_ws/install/rplidar_ros' for CMake config files
[4.465s] Level 1:colcon.colcon_core.shell:create_environment_hook('rplidar_ros', 'cmake_prefix_path')
[4.465s] INFO:colcon.colcon_core.shell:Creating environment hook '/home/dominicd/Desktop/dentista_drive_ws/install/rplidar_ros/share/rplidar_ros/hook/cmake_prefix_path.ps1'
[4.465s] INFO:colcon.colcon_core.shell:Creating environment descriptor '/home/dominicd/Desktop/dentista_drive_ws/install/rplidar_ros/share/rplidar_ros/hook/cmake_prefix_path.dsv'
[4.465s] INFO:colcon.colcon_core.shell:Creating environment hook '/home/dominicd/Desktop/dentista_drive_ws/install/rplidar_ros/share/rplidar_ros/hook/cmake_prefix_path.sh'
[4.466s] Level 1:colcon.colcon_core.environment:checking '/home/dominicd/Desktop/dentista_drive_ws/install/rplidar_ros/lib'
[4.466s] Level 1:colcon.colcon_core.environment:checking '/home/dominicd/Desktop/dentista_drive_ws/install/rplidar_ros/bin'
[4.466s] Level 1:colcon.colcon_core.environment:checking '/home/dominicd/Desktop/dentista_drive_ws/install/rplidar_ros/lib/pkgconfig/rplidar_ros.pc'
[4.466s] Level 1:colcon.colcon_core.environment:checking '/home/dominicd/Desktop/dentista_drive_ws/install/rplidar_ros/lib/python3.12/site-packages'
[4.466s] Level 1:colcon.colcon_core.environment:checking '/home/dominicd/Desktop/dentista_drive_ws/install/rplidar_ros/bin'
[4.466s] INFO:colcon.colcon_core.shell:Creating package script '/home/dominicd/Desktop/dentista_drive_ws/install/rplidar_ros/share/rplidar_ros/package.ps1'
[4.466s] INFO:colcon.colcon_core.shell:Creating package descriptor '/home/dominicd/Desktop/dentista_drive_ws/install/rplidar_ros/share/rplidar_ros/package.dsv'
[4.466s] INFO:colcon.colcon_core.shell:Creating package script '/home/dominicd/Desktop/dentista_drive_ws/install/rplidar_ros/share/rplidar_ros/package.sh'
[4.466s] INFO:colcon.colcon_core.shell:Creating package script '/home/dominicd/Desktop/dentista_drive_ws/install/rplidar_ros/share/rplidar_ros/package.bash'
[4.466s] INFO:colcon.colcon_core.shell:Creating package script '/home/dominicd/Desktop/dentista_drive_ws/install/rplidar_ros/share/rplidar_ros/package.zsh'
[4.466s] Level 1:colcon.colcon_core.environment:create_file_with_runtime_dependencies(/home/dominicd/Desktop/dentista_drive_ws/install/rplidar_ros/share/colcon-core/packages/rplidar_ros)
[4.467s] Level 1:colcon.colcon_core.environment:create_environment_scripts_only(rplidar_ros)
[4.467s] Level 1:colcon.colcon_core.environment:checking '/home/dominicd/Desktop/dentista_drive_ws/install/rplidar_ros' for CMake module files
[4.467s] Level 1:colcon.colcon_core.environment:checking '/home/dominicd/Desktop/dentista_drive_ws/install/rplidar_ros' for CMake config files
[4.467s] Level 1:colcon.colcon_core.shell:create_environment_hook('rplidar_ros', 'cmake_prefix_path')
[4.467s] INFO:colcon.colcon_core.shell:Creating environment hook '/home/dominicd/Desktop/dentista_drive_ws/install/rplidar_ros/share/rplidar_ros/hook/cmake_prefix_path.ps1'
[4.467s] INFO:colcon.colcon_core.shell:Creating environment descriptor '/home/dominicd/Desktop/dentista_drive_ws/install/rplidar_ros/share/rplidar_ros/hook/cmake_prefix_path.dsv'
[4.467s] INFO:colcon.colcon_core.shell:Creating environment hook '/home/dominicd/Desktop/dentista_drive_ws/install/rplidar_ros/share/rplidar_ros/hook/cmake_prefix_path.sh'
[4.468s] Level 1:colcon.colcon_core.environment:checking '/home/dominicd/Desktop/dentista_drive_ws/install/rplidar_ros/lib'
[4.468s] Level 1:colcon.colcon_core.environment:checking '/home/dominicd/Desktop/dentista_drive_ws/install/rplidar_ros/bin'
[4.468s] Level 1:colcon.colcon_core.environment:checking '/home/dominicd/Desktop/dentista_drive_ws/install/rplidar_ros/lib/pkgconfig/rplidar_ros.pc'
[4.468s] Level 1:colcon.colcon_core.environment:checking '/home/dominicd/Desktop/dentista_drive_ws/install/rplidar_ros/lib/python3.12/site-packages'
[4.468s] Level 1:colcon.colcon_core.environment:checking '/home/dominicd/Desktop/dentista_drive_ws/install/rplidar_ros/bin'
[4.468s] INFO:colcon.colcon_core.shell:Creating package script '/home/dominicd/Desktop/dentista_drive_ws/install/rplidar_ros/share/rplidar_ros/package.ps1'
[4.468s] INFO:colcon.colcon_core.shell:Creating package descriptor '/home/dominicd/Desktop/dentista_drive_ws/install/rplidar_ros/share/rplidar_ros/package.dsv'
[4.468s] INFO:colcon.colcon_core.shell:Creating package script '/home/dominicd/Desktop/dentista_drive_ws/install/rplidar_ros/share/rplidar_ros/package.sh'
[4.468s] INFO:colcon.colcon_core.shell:Creating package script '/home/dominicd/Desktop/dentista_drive_ws/install/rplidar_ros/share/rplidar_ros/package.bash'
[4.468s] INFO:colcon.colcon_core.shell:Creating package script '/home/dominicd/Desktop/dentista_drive_ws/install/rplidar_ros/share/rplidar_ros/package.zsh'
[4.468s] Level 1:colcon.colcon_core.environment:create_file_with_runtime_dependencies(/home/dominicd/Desktop/dentista_drive_ws/install/rplidar_ros/share/colcon-core/packages/rplidar_ros)
[4.469s] DEBUG:colcon.colcon_parallel_executor.executor.parallel:closing loop
[4.469s] DEBUG:colcon.colcon_parallel_executor.executor.parallel:loop closed
[4.469s] DEBUG:colcon.colcon_parallel_executor.executor.parallel:run_until_complete finished with '0'
[4.469s] DEBUG:colcon.colcon_core.event_reactor:joining thread
[4.473s] INFO:colcon.colcon_core.plugin_system:Skipping extension 'colcon_notification.desktop_notification.terminal_notifier': Not used on non-Darwin systems
[4.473s] INFO:colcon.colcon_core.plugin_system:Skipping extension 'colcon_notification.desktop_notification.win32': Not used on non-Windows systems
[4.473s] INFO:colcon.colcon_notification.desktop_notification:Sending desktop notification using 'notify2'
[4.481s] DEBUG:colcon.colcon_core.event_reactor:joined thread
[4.482s] INFO:colcon.colcon_core.shell:Creating prefix script '/home/dominicd/Desktop/dentista_drive_ws/install/local_setup.ps1'
[4.482s] INFO:colcon.colcon_core.shell:Creating prefix util module '/home/dominicd/Desktop/dentista_drive_ws/install/_local_setup_util_ps1.py'
[4.482s] INFO:colcon.colcon_core.shell:Creating prefix chain script '/home/dominicd/Desktop/dentista_drive_ws/install/setup.ps1'
[4.483s] INFO:colcon.colcon_core.shell:Creating prefix script '/home/dominicd/Desktop/dentista_drive_ws/install/local_setup.sh'
[4.483s] INFO:colcon.colcon_core.shell:Creating prefix util module '/home/dominicd/Desktop/dentista_drive_ws/install/_local_setup_util_sh.py'
[4.483s] INFO:colcon.colcon_core.shell:Creating prefix chain script '/home/dominicd/Desktop/dentista_drive_ws/install/setup.sh'
[4.483s] INFO:colcon.colcon_core.shell:Creating prefix script '/home/dominicd/Desktop/dentista_drive_ws/install/local_setup.bash'
[4.483s] INFO:colcon.colcon_core.shell:Creating prefix chain script '/home/dominicd/Desktop/dentista_drive_ws/install/setup.bash'
[4.484s] INFO:colcon.colcon_core.shell:Creating prefix script '/home/dominicd/Desktop/dentista_drive_ws/install/local_setup.zsh'
[4.484s] INFO:colcon.colcon_core.shell:Creating prefix chain script '/home/dominicd/Desktop/dentista_drive_ws/install/setup.zsh'
