[0.594s] Invoking command in '/home/dominicd/Desktop/dentista_drive_ws/build/den_rob_package': DEBUGINFOD_URLS=https://debuginfod.ubuntu.com PYTHONPATH=/home/dominicd/Desktop/dentista_drive_ws/build/den_rob_package/prefix_override:/usr/lib/python3/dist-packages/colcon_core/task/python/colcon_distutils_commands:/home/dominicd/Desktop/dentista_drive_ws/install/den_rob_package/lib/python3.12/site-packages:${PYTHONPATH} /usr/bin/python3 -W ignore:setup.py install is deprecated -W ignore:easy_install command is deprecated setup.py develop --editable --build-directory /home/dominicd/Desktop/dentista_drive_ws/build/den_rob_package/build --no-deps symlink_data
[0.749s] running develop
[0.823s] running egg_info
[0.823s] creating den_rob_package.egg-info
[0.831s] writing den_rob_package.egg-info/PKG-INFO
[0.831s] writing dependency_links to den_rob_package.egg-info/dependency_links.txt
[0.831s] writing entry points to den_rob_package.egg-info/entry_points.txt
[0.831s] writing requirements to den_rob_package.egg-info/requires.txt
[0.831s] writing top-level names to den_rob_package.egg-info/top_level.txt
[0.831s] writing manifest file 'den_rob_package.egg-info/SOURCES.txt'
[0.849s] reading manifest file 'den_rob_package.egg-info/SOURCES.txt'
[0.849s] writing manifest file 'den_rob_package.egg-info/SOURCES.txt'
[0.856s] running build_ext
[0.856s] Creating /home/dominicd/Desktop/dentista_drive_ws/install/den_rob_package/lib/python3.12/site-packages/den-rob-package.egg-link (link to .)
[0.857s] Installing motor_controller script to /home/dominicd/Desktop/dentista_drive_ws/install/den_rob_package/lib/den_rob_package
[0.857s] Installing odom_publisher script to /home/dominicd/Desktop/dentista_drive_ws/install/den_rob_package/lib/den_rob_package
[0.857s] Installing sensor_listener script to /home/dominicd/Desktop/dentista_drive_ws/install/den_rob_package/lib/den_rob_package
[0.857s] 
[0.857s] Installed /home/dominicd/Desktop/dentista_drive_ws/build/den_rob_package
[0.857s] running symlink_data
[0.857s] creating /home/dominicd/Desktop/dentista_drive_ws/install/den_rob_package/share/ament_index
[0.857s] creating /home/dominicd/Desktop/dentista_drive_ws/install/den_rob_package/share/ament_index/resource_index
[0.857s] creating /home/dominicd/Desktop/dentista_drive_ws/install/den_rob_package/share/ament_index/resource_index/packages
[0.857s] symbolically linking /home/dominicd/Desktop/dentista_drive_ws/build/den_rob_package/resource/den_rob_package -> /home/dominicd/Desktop/dentista_drive_ws/install/den_rob_package/share/ament_index/resource_index/packages
[0.857s] symbolically linking /home/dominicd/Desktop/dentista_drive_ws/build/den_rob_package/package.xml -> /home/dominicd/Desktop/dentista_drive_ws/install/den_rob_package/share/den_rob_package
[0.857s] creating /home/dominicd/Desktop/dentista_drive_ws/install/den_rob_package/share/den_rob_package/launch
[0.857s] symbolically linking /home/dominicd/Desktop/dentista_drive_ws/build/den_rob_package/launch/slam_with_rplidar.launch.py -> /home/dominicd/Desktop/dentista_drive_ws/install/den_rob_package/share/den_rob_package/launch
[0.857s] creating /home/dominicd/Desktop/dentista_drive_ws/install/den_rob_package/share/den_rob_package/config
[0.857s] symbolically linking /home/dominicd/Desktop/dentista_drive_ws/build/den_rob_package/config/slam_toolbox.yaml -> /home/dominicd/Desktop/dentista_drive_ws/install/den_rob_package/share/den_rob_package/config
[0.858s] creating /home/dominicd/Desktop/dentista_drive_ws/install/den_rob_package/share/den_rob_package/data
[0.877s] Invoked command in '/home/dominicd/Desktop/dentista_drive_ws/build/den_rob_package' returned '0': DEBUGINFOD_URLS=https://debuginfod.ubuntu.com PYTHONPATH=/home/dominicd/Desktop/dentista_drive_ws/build/den_rob_package/prefix_override:/usr/lib/python3/dist-packages/colcon_core/task/python/colcon_distutils_commands:/home/dominicd/Desktop/dentista_drive_ws/install/den_rob_package/lib/python3.12/site-packages:${PYTHONPATH} /usr/bin/python3 -W ignore:setup.py install is deprecated -W ignore:easy_install command is deprecated setup.py develop --editable --build-directory /home/dominicd/Desktop/dentista_drive_ws/build/den_rob_package/build --no-deps symlink_data
