/home/dominicd/Desktop/dentista_drive_ws/install/den_rob_package/lib/python3.12/site-packages/den_rob_package/__init__.py
/home/dominicd/Desktop/dentista_drive_ws/install/den_rob_package/lib/python3.12/site-packages/den_rob_package/motor_controller.py
/home/dominicd/Desktop/dentista_drive_ws/install/den_rob_package/lib/python3.12/site-packages/den_rob_package/odom_publisher.py
/home/dominicd/Desktop/dentista_drive_ws/install/den_rob_package/lib/python3.12/site-packages/den_rob_package/__pycache__/__init__.cpython-312.pyc
/home/dominicd/Desktop/dentista_drive_ws/install/den_rob_package/lib/python3.12/site-packages/den_rob_package/__pycache__/motor_controller.cpython-312.pyc
/home/dominicd/Desktop/dentista_drive_ws/install/den_rob_package/lib/python3.12/site-packages/den_rob_package/__pycache__/odom_publisher.cpython-312.pyc
/home/dominicd/Desktop/dentista_drive_ws/install/den_rob_package/share/ament_index/resource_index/packages/den_rob_package
/home/dominicd/Desktop/dentista_drive_ws/install/den_rob_package/share/den_rob_package/package.xml
/home/dominicd/Desktop/dentista_drive_ws/install/den_rob_package/share/den_rob_package/launch/slam_with_rplidar.launch.py
/home/dominicd/Desktop/dentista_drive_ws/install/den_rob_package/share/den_rob_package/config
/home/dominicd/Desktop/dentista_drive_ws/install/den_rob_package/share/den_rob_package/data
/home/dominicd/Desktop/dentista_drive_ws/install/den_rob_package/lib/python3.12/site-packages/den_rob_package-0.1.0-py3.12.egg-info/PKG-INFO
/home/dominicd/Desktop/dentista_drive_ws/install/den_rob_package/lib/python3.12/site-packages/den_rob_package-0.1.0-py3.12.egg-info/entry_points.txt
/home/dominicd/Desktop/dentista_drive_ws/install/den_rob_package/lib/python3.12/site-packages/den_rob_package-0.1.0-py3.12.egg-info/SOURCES.txt
/home/dominicd/Desktop/dentista_drive_ws/install/den_rob_package/lib/python3.12/site-packages/den_rob_package-0.1.0-py3.12.egg-info/requires.txt
/home/dominicd/Desktop/dentista_drive_ws/install/den_rob_package/lib/python3.12/site-packages/den_rob_package-0.1.0-py3.12.egg-info/dependency_links.txt
/home/dominicd/Desktop/dentista_drive_ws/install/den_rob_package/lib/python3.12/site-packages/den_rob_package-0.1.0-py3.12.egg-info/zip-safe
/home/dominicd/Desktop/dentista_drive_ws/install/den_rob_package/lib/python3.12/site-packages/den_rob_package-0.1.0-py3.12.egg-info/top_level.txt
/home/dominicd/Desktop/dentista_drive_ws/install/den_rob_package/lib/den_rob_package/motor_controller
/home/dominicd/Desktop/dentista_drive_ws/install/den_rob_package/lib/den_rob_package/odom_publisher
/home/dominicd/Desktop/dentista_drive_ws/install/den_rob_package/lib/den_rob_package/sensor_listener
