running develop
running egg_info
creating den_rob_package.egg-info
writing den_rob_package.egg-info/PKG-INFO
writing dependency_links to den_rob_package.egg-info/dependency_links.txt
writing entry points to den_rob_package.egg-info/entry_points.txt
writing requirements to den_rob_package.egg-info/requires.txt
writing top-level names to den_rob_package.egg-info/top_level.txt
writing manifest file 'den_rob_package.egg-info/SOURCES.txt'
reading manifest file 'den_rob_package.egg-info/SOURCES.txt'
writing manifest file 'den_rob_package.egg-info/SOURCES.txt'
running build_ext
Creating /home/dominicd/dentista_drive_ws/install/den_rob_package/lib/python3.12/site-packages/den-rob-package.egg-link (link to .)
Installing lidar_node script to /home/dominicd/dentista_drive_ws/install/den_rob_package/lib/den_rob_package
Installing motor_controller script to /home/dominicd/dentista_drive_ws/install/den_rob_package/lib/den_rob_package
Installing sensor_listener script to /home/dominicd/dentista_drive_ws/install/den_rob_package/lib/den_rob_package

Installed /home/dominicd/dentista_drive_ws/build/den_rob_package
running symlink_data
creating /home/dominicd/dentista_drive_ws/install/den_rob_package/share/ament_index
creating /home/dominicd/dentista_drive_ws/install/den_rob_package/share/ament_index/resource_index
creating /home/dominicd/dentista_drive_ws/install/den_rob_package/share/ament_index/resource_index/packages
symbolically linking /home/dominicd/dentista_drive_ws/build/den_rob_package/resource/den_rob_package -> /home/dominicd/dentista_drive_ws/install/den_rob_package/share/ament_index/resource_index/packages
symbolically linking /home/dominicd/dentista_drive_ws/build/den_rob_package/package.xml -> /home/dominicd/dentista_drive_ws/install/den_rob_package/share/den_rob_package
creating /home/dominicd/dentista_drive_ws/install/den_rob_package/share/den_rob_package/launch
creating /home/dominicd/dentista_drive_ws/install/den_rob_package/share/den_rob_package/config
creating /home/dominicd/dentista_drive_ws/install/den_rob_package/share/den_rob_package/data
