[0.727s] Invoking command in '/home/dominicd/dentista_drive_ws/build/den_rob_package': DEBUGINFOD_URLS=https://debuginfod.ubuntu.com PYTHONPATH=/home/dominicd/dentista_drive_ws/build/den_rob_package/prefix_override:/usr/lib/python3/dist-packages/colcon_core/task/python/colcon_distutils_commands:/home/dominicd/dentista_drive_ws/install/den_rob_package/lib/python3.12/site-packages:${PYTHONPATH} /usr/bin/python3 -W ignore:setup.py install is deprecated -W ignore:easy_install command is deprecated setup.py develop --editable --build-directory /home/dominicd/dentista_drive_ws/build/den_rob_package/build --no-deps symlink_data
[0.890s] running develop
[0.971s] running egg_info
[0.971s] creating den_rob_package.egg-info
[0.976s] writing den_rob_package.egg-info/PKG-INFO
[0.976s] writing dependency_links to den_rob_package.egg-info/dependency_links.txt
[0.976s] writing entry points to den_rob_package.egg-info/entry_points.txt
[0.976s] writing requirements to den_rob_package.egg-info/requires.txt
[0.976s] writing top-level names to den_rob_package.egg-info/top_level.txt
[0.976s] writing manifest file 'den_rob_package.egg-info/SOURCES.txt'
[0.994s] reading manifest file 'den_rob_package.egg-info/SOURCES.txt'
[0.995s] writing manifest file 'den_rob_package.egg-info/SOURCES.txt'
[1.008s] running build_ext
[1.008s] Creating /home/dominicd/dentista_drive_ws/install/den_rob_package/lib/python3.12/site-packages/den-rob-package.egg-link (link to .)
[1.009s] Installing lidar_node script to /home/dominicd/dentista_drive_ws/install/den_rob_package/lib/den_rob_package
[1.009s] Installing motor_controller script to /home/dominicd/dentista_drive_ws/install/den_rob_package/lib/den_rob_package
[1.009s] Installing sensor_listener script to /home/dominicd/dentista_drive_ws/install/den_rob_package/lib/den_rob_package
[1.009s] 
[1.009s] Installed /home/dominicd/dentista_drive_ws/build/den_rob_package
[1.009s] running symlink_data
[1.009s] creating /home/dominicd/dentista_drive_ws/install/den_rob_package/share/ament_index
[1.009s] creating /home/dominicd/dentista_drive_ws/install/den_rob_package/share/ament_index/resource_index
[1.009s] creating /home/dominicd/dentista_drive_ws/install/den_rob_package/share/ament_index/resource_index/packages
[1.009s] symbolically linking /home/dominicd/dentista_drive_ws/build/den_rob_package/resource/den_rob_package -> /home/dominicd/dentista_drive_ws/install/den_rob_package/share/ament_index/resource_index/packages
[1.010s] symbolically linking /home/dominicd/dentista_drive_ws/build/den_rob_package/package.xml -> /home/dominicd/dentista_drive_ws/install/den_rob_package/share/den_rob_package
[1.010s] creating /home/dominicd/dentista_drive_ws/install/den_rob_package/share/den_rob_package/launch
[1.010s] creating /home/dominicd/dentista_drive_ws/install/den_rob_package/share/den_rob_package/config
[1.010s] creating /home/dominicd/dentista_drive_ws/install/den_rob_package/share/den_rob_package/data
[1.030s] Invoked command in '/home/dominicd/dentista_drive_ws/build/den_rob_package' returned '0': DEBUGINFOD_URLS=https://debuginfod.ubuntu.com PYTHONPATH=/home/dominicd/dentista_drive_ws/build/den_rob_package/prefix_override:/usr/lib/python3/dist-packages/colcon_core/task/python/colcon_distutils_commands:/home/dominicd/dentista_drive_ws/install/den_rob_package/lib/python3.12/site-packages:${PYTHONPATH} /usr/bin/python3 -W ignore:setup.py install is deprecated -W ignore:easy_install command is deprecated setup.py develop --editable --build-directory /home/dominicd/dentista_drive_ws/build/den_rob_package/build --no-deps symlink_data
